{"level":"info","message":"db connection successfull","timestamp":"2023-03-19T16:55:04.956Z"}
{"level":"info","message":"db connection successfull","timestamp":"2023-03-19T16:56:00.208Z"}
{"level":"info","message":"db connection successfull","timestamp":"2023-03-19T16:56:58.269Z"}
{"level":"info","message":"db connection successfull","timestamp":"2023-03-19T16:57:04.747Z"}
{"level":"info","message":"db connection successfull","timestamp":"2023-03-19T16:57:13.419Z"}
{"level":"info","message":"db connection successfull","timestamp":"2023-03-19T16:57:16.697Z"}
{"level":"info","message":"db connection successfull","timestamp":"2023-03-19T16:57:19.345Z"}
{"level":"info","message":"db connection successfull","timestamp":"2023-03-19T16:57:34.107Z"}
{"level":"info","message":"db connection successfull","timestamp":"2023-03-19T16:57:36.125Z"}
{"level":"info","message":"db connection successfull","timestamp":"2023-03-19T16:57:49.243Z"}
{"level":"info","message":"db connection successfull","timestamp":"2023-03-19T16:57:50.930Z"}
{"level":"info","message":"db connection successfull","timestamp":"2023-03-19T16:57:53.343Z"}
{"level":"info","message":"db connection successfull","timestamp":"2023-03-19T16:58:02.475Z"}
{"level":"info","message":"db connection successfull","timestamp":"2023-03-19T16:59:14.624Z"}
{"level":"info","message":"db connection successfull","timestamp":"2023-03-19T16:59:19.450Z"}
{"level":"info","message":"db connection successfull","timestamp":"2023-03-19T16:59:21.756Z"}
{"level":"info","message":"db connection successfull","timestamp":"2023-03-19T16:59:24.836Z"}
{"level":"info","message":"db connection successfull","timestamp":"2023-03-19T16:59:27.684Z"}
{"level":"info","message":"db connection successfull","timestamp":"2023-03-19T16:59:31.826Z"}
{"level":"info","message":"db connection successfull","timestamp":"2023-03-19T16:59:54.223Z"}
{"level":"info","message":"db connection successfull","timestamp":"2023-03-19T16:59:57.144Z"}
{"level":"info","message":"db connection successfull","timestamp":"2023-03-19T17:00:20.780Z"}
{"level":"info","message":"db connection successfull","timestamp":"2023-03-19T17:00:24.726Z"}
{"level":"info","message":"db connection successfull","timestamp":"2023-03-19T17:00:51.588Z"}
{"level":"info","message":"db connection successfull","timestamp":"2023-03-19T17:01:28.625Z"}
{"level":"info","message":"db connection successfull","timestamp":"2023-03-19T17:01:30.415Z"}
{"level":"info","message":"db connection successfull","timestamp":"2023-03-19T17:01:32.942Z"}
{"level":"info","message":"db connection successfull","timestamp":"2023-03-19T17:01:42.835Z"}
{"level":"info","message":"db connection successfull","timestamp":"2023-03-19T17:03:50.843Z"}
{"level":"info","message":"db connection successfull","timestamp":"2023-03-19T17:04:43.827Z"}
{"level":"info","message":"db connection successfull","timestamp":"2023-03-19T17:04:48.540Z"}
{"level":"info","message":"db connection successfull","timestamp":"2023-03-19T17:05:02.855Z"}
{"level":"info","message":"db connection successfull","timestamp":"2023-03-19T17:05:07.699Z"}
{"level":"info","message":"db connection successfull","timestamp":"2023-03-19T17:05:13.987Z"}
{"level":"info","message":"db connection successfull","timestamp":"2023-03-19T17:05:25.158Z"}
{"level":"info","message":"db connection successfull","timestamp":"2023-03-19T17:07:16.082Z"}
{"level":"info","message":"db connection successfull","timestamp":"2023-03-19T17:08:51.695Z"}
{"level":"info","message":"db connection successfull","timestamp":"2023-03-19T17:08:53.786Z"}
{"level":"info","message":"db connection successfull","timestamp":"2023-03-19T17:08:55.343Z"}
{"level":"info","message":"db connection successfull","timestamp":"2023-03-19T17:09:43.085Z"}
{"level":"info","message":"db connection successfull","timestamp":"2023-03-19T17:09:48.861Z"}
{"level":"info","message":"db connection successfull","timestamp":"2023-03-19T17:13:39.848Z"}
{"level":"info","message":"db connection successfull","timestamp":"2023-03-20T05:42:42.780Z"}
{"level":"info","message":"db connection successfull","timestamp":"2023-03-20T05:42:47.364Z"}
{"level":"info","message":"db connection successfull","timestamp":"2023-03-20T05:42:52.822Z"}
{"level":"info","message":"db connection successfull","timestamp":"2023-03-20T05:47:58.506Z"}
{"level":"info","message":"db connection successfull","timestamp":"2023-03-20T05:48:04.612Z"}
{"level":"info","message":"db connection successfull","timestamp":"2023-03-20T05:48:17.068Z"}
{"level":"info","message":"db connection successfull","timestamp":"2023-03-20T05:48:38.647Z"}
{"level":"info","message":"db connection successfull","timestamp":"2023-03-20T05:48:59.586Z"}
{"level":"info","message":"db connection successfull","timestamp":"2023-03-20T05:49:48.042Z"}
{"level":"info","message":"db connection successfull","timestamp":"2023-03-20T05:49:56.655Z"}
{"level":"info","message":"db connection successfull","timestamp":"2023-03-20T05:50:10.647Z"}
{"level":"info","message":"db connection successfull","timestamp":"2023-03-20T05:50:16.124Z"}
{"level":"info","message":"db connection successfull","timestamp":"2023-03-20T05:50:17.768Z"}
{"level":"info","message":"db connection successfull","timestamp":"2023-03-20T05:50:26.803Z"}
{"level":"info","message":"db connection successfull","timestamp":"2023-03-20T05:50:29.380Z"}
{"level":"info","message":"db connection successfull","timestamp":"2023-03-20T05:50:54.420Z"}
{"level":"info","message":"db connection successfull","timestamp":"2023-03-20T05:51:34.218Z"}
{"level":"info","message":"db connection successfull","timestamp":"2023-03-20T05:51:37.904Z"}
{"level":"info","message":"db connection successfull","timestamp":"2023-03-20T05:51:40.959Z"}
{"level":"info","message":"db connection successfull","timestamp":"2023-03-20T05:51:54.262Z"}
{"level":"info","message":"db connection successfull","timestamp":"2023-03-20T05:52:06.694Z"}
{"level":"info","message":"db connection successfull","timestamp":"2023-03-20T05:52:17.205Z"}
{"level":"info","message":"db connection successfull","timestamp":"2023-03-20T05:52:23.031Z"}
{"level":"info","message":"db connection successfull","timestamp":"2023-03-20T05:52:47.099Z"}
{"level":"info","message":"db connection successfull","timestamp":"2023-03-20T05:55:14.437Z"}
{"level":"info","message":"db connection successfull","timestamp":"2023-03-20T06:02:18.784Z"}
{"level":"info","message":"db connection successfull","timestamp":"2023-03-20T06:02:22.467Z"}
{"level":"info","message":"db connection successfull","timestamp":"2023-03-20T06:02:36.069Z"}
{"level":"info","message":"db connection successfull","timestamp":"2023-03-20T06:03:13.099Z"}
{"level":"info","message":"db connection successfull","timestamp":"2023-03-20T06:03:27.579Z"}
{"level":"info","message":"db connection successfull","timestamp":"2023-03-20T06:03:36.015Z"}
{"level":"info","message":"db connection successfull","timestamp":"2023-03-20T06:03:39.117Z"}
{"level":"info","message":"db connection successfull","timestamp":"2023-03-20T06:03:44.451Z"}
{"level":"info","message":"db connection successfull","timestamp":"2023-03-20T06:04:25.680Z"}
{"level":"info","message":"db connection successfull","timestamp":"2023-03-20T06:04:32.237Z"}
{"level":"info","message":"db connection successfull","timestamp":"2023-03-20T06:04:38.927Z"}
{"level":"info","message":"db connection successfull","timestamp":"2023-03-20T06:04:50.396Z"}
{"level":"info","message":"db connection successfull","timestamp":"2023-03-20T06:04:56.132Z"}
{"level":"info","message":"db connection successfull","timestamp":"2023-03-20T06:09:34.227Z"}
{"level":"info","message":"db connection successfull","timestamp":"2023-03-20T06:10:03.482Z"}
{"level":"info","message":"db connection successfull","timestamp":"2023-03-20T06:10:06.267Z"}
{"level":"info","message":"db connection successfull","timestamp":"2023-03-20T06:10:10.855Z"}
{"level":"info","message":"db connection successfull","timestamp":"2023-03-20T06:10:27.649Z"}
{"level":"info","message":"db connection successfull","timestamp":"2023-03-20T06:11:12.656Z"}
{"level":"info","message":"db connection successfull","timestamp":"2023-03-20T06:11:45.294Z"}
{"level":"info","message":"db connection successfull","timestamp":"2023-03-20T06:11:56.141Z"}
{"level":"info","message":"db connection successfull","timestamp":"2023-03-20T06:12:13.476Z"}
{"level":"info","message":"db connection successfull","timestamp":"2023-03-20T06:13:55.594Z"}
{"level":"info","message":"db connection successfull","timestamp":"2023-03-20T06:14:10.029Z"}
{"level":"info","message":"db connection successfull","timestamp":"2023-03-20T06:16:55.632Z"}
{"level":"info","message":"db connection successfull","timestamp":"2023-03-20T06:16:58.090Z"}
{"level":"info","message":"db connection successfull","timestamp":"2023-03-20T06:17:03.366Z"}
{"level":"info","message":"db connection successfull","timestamp":"2023-03-20T06:17:06.048Z"}
{"level":"info","message":"db connection successfull","timestamp":"2023-03-20T06:17:12.073Z"}
{"level":"info","message":"db connection successfull","timestamp":"2023-03-20T06:17:15.731Z"}
{"level":"info","message":"db connection successfull","timestamp":"2023-03-20T06:17:18.093Z"}
{"level":"info","message":"db connection successfull","timestamp":"2023-03-20T06:17:22.810Z"}
{"level":"info","message":"db connection successfull","timestamp":"2023-03-20T06:17:26.533Z"}
{"level":"info","message":"db connection successfull","timestamp":"2023-03-20T06:39:15.029Z"}
{"level":"info","message":"db connection successfull","timestamp":"2023-03-20T06:43:45.468Z"}
{"level":"info","message":"db connection successfull","timestamp":"2023-03-20T06:44:07.484Z"}
{"level":"info","message":"db connection successfull","timestamp":"2023-03-20T06:44:13.456Z"}
{"level":"info","message":"db connection successfull","timestamp":"2023-03-20T06:44:16.940Z"}
{"level":"info","message":"db connection successfull","timestamp":"2023-03-20T06:44:33.166Z"}
{"level":"info","message":"db connection successfull","timestamp":"2023-03-20T06:44:38.536Z"}
{"level":"info","message":"db connection successfull","timestamp":"2023-03-20T06:44:44.400Z"}
{"level":"info","message":"db connection successfull","timestamp":"2023-03-20T06:44:52.629Z"}
{"level":"info","message":"db connection successfull","timestamp":"2023-03-20T06:44:55.752Z"}
{"level":"info","message":"db connection successfull","timestamp":"2023-03-20T06:45:00.181Z"}
{"level":"info","message":"db connection successfull","timestamp":"2023-03-20T06:45:37.183Z"}
{"level":"info","message":"db connection successfull","timestamp":"2023-03-20T06:45:40.278Z"}
{"level":"info","message":"db connection successfull","timestamp":"2023-03-20T06:46:02.432Z"}
{"level":"info","message":"db connection successfull","timestamp":"2023-03-20T06:46:29.955Z"}
{"level":"info","message":"db connection successfull","timestamp":"2023-03-20T06:46:32.204Z"}
{"level":"info","message":"db connection successfull","timestamp":"2023-03-20T06:46:59.959Z"}
{"level":"info","message":"db connection successfull","timestamp":"2023-03-20T06:47:02.932Z"}
{"level":"info","message":"db connection successfull","timestamp":"2023-03-20T06:47:05.450Z"}
{"level":"info","message":"db connection successfull","timestamp":"2023-03-20T06:47:26.718Z"}
{"level":"info","message":"db connection successfull","timestamp":"2023-03-20T06:47:41.041Z"}
{"level":"info","message":"db connection successfull","timestamp":"2023-03-20T06:48:08.512Z"}
{"level":"info","message":"db connection successfull","timestamp":"2023-03-20T06:48:19.852Z"}
{"level":"info","message":"db connection successfull","timestamp":"2023-03-20T06:48:30.106Z"}
{"level":"info","message":"db connection successfull","timestamp":"2023-03-20T06:48:32.598Z"}
{"level":"info","message":"db connection successfull","timestamp":"2023-03-20T06:49:21.914Z"}
{"level":"info","message":"db connection successfull","timestamp":"2023-03-20T06:49:36.890Z"}
{"level":"info","message":"db connection successfull","timestamp":"2023-03-20T06:49:39.876Z"}
{"level":"info","message":"db connection successfull","timestamp":"2023-03-20T06:50:04.039Z"}
{"level":"info","message":"db connection successfull","timestamp":"2023-03-20T06:50:46.034Z"}
{"level":"info","message":"db connection successfull","timestamp":"2023-03-20T06:50:55.611Z"}
{"level":"info","message":"db connection successfull","timestamp":"2023-03-20T06:51:56.520Z"}
{"level":"info","message":"db connection successfull","timestamp":"2023-03-20T06:52:58.424Z"}
{"level":"info","message":"db connection successfull","timestamp":"2023-03-20T06:53:08.449Z"}
{"level":"info","message":"db connection successfull","timestamp":"2023-03-20T06:53:13.715Z"}
{"level":"info","message":"db connection successfull","timestamp":"2023-03-20T06:53:20.294Z"}
{"level":"info","message":"db connection successfull","timestamp":"2023-03-20T06:53:27.618Z"}
{"level":"info","message":"db connection successfull","timestamp":"2023-03-20T06:53:34.065Z"}
{"level":"info","message":"db connection successfull","timestamp":"2023-03-20T06:53:46.996Z"}
{"level":"info","message":"db connection successfull","timestamp":"2023-03-20T06:53:53.310Z"}
{"level":"info","message":"db connection successfull","timestamp":"2023-03-20T06:53:57.625Z"}
{"level":"info","message":"db connection successfull","timestamp":"2023-03-20T06:53:59.967Z"}
{"level":"info","message":"db connection successfull","timestamp":"2023-03-20T06:54:01.967Z"}
{"level":"info","message":"db connection successfull","timestamp":"2023-03-20T06:54:05.549Z"}
{"level":"info","message":"db connection successfull","timestamp":"2023-03-20T06:54:38.609Z"}
{"level":"info","message":"db connection successfull","timestamp":"2023-03-20T06:55:05.555Z"}
{"level":"info","message":"db connection successfull","timestamp":"2023-03-20T06:55:17.060Z"}
{"level":"info","message":"db connection successfull","timestamp":"2023-03-20T06:55:19.641Z"}
{"level":"info","message":"db connection successfull","timestamp":"2023-03-20T06:55:21.164Z"}
{"level":"info","message":"db connection successfull","timestamp":"2023-03-20T06:55:26.715Z"}
{"level":"info","message":"db connection successfull","timestamp":"2023-03-20T06:57:06.730Z"}
{"level":"info","message":"db connection successfull","timestamp":"2023-03-20T06:57:18.149Z"}
{"level":"info","message":"db connection successfull","timestamp":"2023-03-20T06:57:57.195Z"}
{"level":"info","message":"db connection successfull","timestamp":"2023-03-20T06:58:00.564Z"}
{"level":"info","message":"db connection successfull","timestamp":"2023-03-20T06:58:02.462Z"}
{"level":"info","message":"db connection successfull","timestamp":"2023-03-20T06:58:11.160Z"}
{"level":"info","message":"db connection successfull","timestamp":"2023-03-20T06:58:25.195Z"}
{"level":"info","message":"db connection successfull","timestamp":"2023-03-20T06:58:28.313Z"}
{"level":"info","message":"db connection successfull","timestamp":"2023-03-20T06:58:46.893Z"}
{"level":"info","message":"db connection successfull","timestamp":"2023-03-20T06:58:51.223Z"}
{"level":"info","message":["asif-mehmood@hotmail.com"],"timestamp":"2023-03-20T07:00:26.522Z"}
{"level":"info","message":"250 2.0.0 OK  1679295621 v18-20020a50a452000000b004c3e3a6136dsm4353815edb.21 - gsmtp","timestamp":"2023-03-20T07:00:26.523Z"}
{"level":"info","message":"db connection successfull","timestamp":"2023-03-20T07:02:14.235Z"}
{"level":"info","message":"db connection successfull","timestamp":"2023-03-20T07:02:39.267Z"}
{"level":"info","message":"db connection successfull","timestamp":"2023-03-20T07:04:34.410Z"}
{"level":"info","message":"db connection successfull","timestamp":"2023-03-20T07:04:49.009Z"}
{"level":"info","message":"db connection successfull","timestamp":"2023-03-20T07:04:51.914Z"}
{"level":"info","message":"db connection successfull","timestamp":"2023-03-20T07:05:02.950Z"}
{"level":"info","message":"db connection successfull","timestamp":"2023-03-20T07:05:04.673Z"}
{"level":"info","message":"db connection successfull","timestamp":"2023-03-20T07:05:07.220Z"}
{"level":"info","message":"db connection successfull","timestamp":"2023-03-20T07:05:12.643Z"}
{"level":"info","message":"db connection successfull","timestamp":"2023-03-20T07:06:52.157Z"}
{"level":"info","message":["asif-mehmood@hotmail.com"],"timestamp":"2023-03-20T07:08:58.416Z"}
{"level":"info","message":"250 2.0.0 OK  1679296131 8-20020a508e08000000b004fa012332ecsm104730edw.1 - gsmtp","timestamp":"2023-03-20T07:08:58.417Z"}
{"level":"info","message":"db connection successfull","timestamp":"2023-03-20T07:10:42.722Z"}
{"level":"info","message":"db connection successfull","timestamp":"2023-03-20T07:15:32.037Z"}
{"level":"info","message":"db connection successfull","timestamp":"2023-03-20T07:16:06.390Z"}
{"level":"info","message":"db connection successfull","timestamp":"2023-03-20T07:18:42.109Z"}
{"level":"info","message":"db connection successfull","timestamp":"2023-03-20T07:19:21.538Z"}
{"level":"info","message":"db connection successfull","timestamp":"2023-03-20T07:19:27.529Z"}
{"level":"info","message":"db connection successfull","timestamp":"2023-03-20T07:19:37.581Z"}
{"level":"info","message":"db connection successfull","timestamp":"2023-03-20T07:21:47.888Z"}
{"level":"info","message":"db connection successfull","timestamp":"2023-03-20T07:21:51.610Z"}
{"level":"info","message":"db connection successfull","timestamp":"2023-03-20T07:22:13.609Z"}
{"level":"info","message":"db connection successfull","timestamp":"2023-03-20T07:22:20.500Z"}
{"level":"info","message":"db connection successfull","timestamp":"2023-03-20T07:22:59.251Z"}
{"level":"info","message":"db connection successfull","timestamp":"2023-03-20T07:23:08.732Z"}
{"level":"info","message":"db connection successfull","timestamp":"2023-03-20T07:23:22.198Z"}
{"level":"info","message":"db connection successfull","timestamp":"2023-03-20T07:23:26.547Z"}
{"level":"info","message":"db connection successfull","timestamp":"2023-03-20T07:23:31.694Z"}
{"level":"info","message":"db connection successfull","timestamp":"2023-03-20T07:23:36.738Z"}
{"level":"info","message":"db connection successfull","timestamp":"2023-03-20T07:24:49.349Z"}
{"level":"info","message":"db connection successfull","timestamp":"2023-03-20T07:24:53.352Z"}
{"level":"info","message":"db connection successfull","timestamp":"2023-03-20T07:25:19.088Z"}
{"level":"info","message":"db connection successfull","timestamp":"2023-03-20T07:26:05.668Z"}
{"level":"info","message":"db connection successfull","timestamp":"2023-03-20T07:26:09.027Z"}
{"level":"info","message":"db connection successfull","timestamp":"2023-03-20T07:26:35.664Z"}
{"level":"info","message":"db connection successfull","timestamp":"2023-03-20T07:26:40.128Z"}
{"level":"info","message":"db connection successfull","timestamp":"2023-03-20T07:26:46.817Z"}
{"level":"info","message":"db connection successfull","timestamp":"2023-03-20T07:26:49.947Z"}
{"level":"info","message":"db connection successfull","timestamp":"2023-03-20T07:27:11.869Z"}
{"level":"info","message":"db connection successfull","timestamp":"2023-03-20T07:27:17.509Z"}
{"level":"info","message":"db connection successfull","timestamp":"2023-03-20T07:27:19.856Z"}
{"level":"info","message":"db connection successfull","timestamp":"2023-03-20T07:27:32.267Z"}
{"level":"info","message":"db connection successfull","timestamp":"2023-03-20T07:27:34.776Z"}
{"level":"info","message":"db connection successfull","timestamp":"2023-03-20T07:27:39.368Z"}
{"level":"info","message":"db connection successfull","timestamp":"2023-03-20T07:27:48.445Z"}
{"level":"info","message":"db connection successfull","timestamp":"2023-03-20T07:27:52.543Z"}
{"level":"info","message":"db connection successfull","timestamp":"2023-03-20T07:28:15.454Z"}
{"level":"info","message":["asif-mehmood@hotmail.com"],"timestamp":"2023-03-20T07:28:30.054Z"}
{"level":"info","message":"250 2.0.0 OK  1679297304 a10-20020a1709065f8a00b0092595899cfcsm4027491eju.53 - gsmtp","timestamp":"2023-03-20T07:28:30.055Z"}
{"level":"info","message":"db connection successfull","timestamp":"2023-03-20T07:29:56.591Z"}
{"level":"info","message":["asif-mehmood@hotmail.com"],"timestamp":"2023-03-20T07:31:30.806Z"}
{"level":"info","message":"250 2.0.0 OK  1679297485 n15-20020a170906118f00b0092421bf4927sm4090187eja.95 - gsmtp","timestamp":"2023-03-20T07:31:30.807Z"}
{"level":"info","message":"db connection successfull","timestamp":"2023-03-20T07:34:56.532Z"}
{"level":"info","message":"db connection successfull","timestamp":"2023-03-20T07:34:59.440Z"}
{"level":"info","message":"db connection successfull","timestamp":"2023-03-20T07:35:13.592Z"}
{"level":"info","message":"db connection successfull","timestamp":"2023-03-20T07:35:19.251Z"}
{"level":"info","message":"db connection successfull","timestamp":"2023-03-20T07:35:22.355Z"}
{"level":"info","message":"db connection successfull","timestamp":"2023-03-20T07:35:31.924Z"}
{"level":"info","message":"db connection successfull","timestamp":"2023-03-20T07:35:39.335Z"}
{"level":"info","message":"db connection successfull","timestamp":"2023-03-20T07:36:22.729Z"}
{"level":"info","message":"db connection successfull","timestamp":"2023-03-20T07:36:28.435Z"}
{"level":"info","message":"db connection successfull","timestamp":"2023-03-20T07:36:30.425Z"}
{"level":"info","message":["asif-mehmood@hotmail.com"],"timestamp":"2023-03-20T07:38:40.133Z"}
{"level":"info","message":"250 2.0.0 OK  1679297914 q7-20020a170906b28700b00931c887372dsm3919294ejz.107 - gsmtp","timestamp":"2023-03-20T07:38:40.135Z"}
{"level":"info","message":"db connection successfull","timestamp":"2023-03-20T07:40:26.804Z"}
{"level":"info","message":"db connection successfull","timestamp":"2023-03-20T07:40:30.887Z"}
{"level":"info","message":"db connection successfull","timestamp":"2023-03-20T07:41:35.397Z"}
{"level":"info","message":"db connection successfull","timestamp":"2023-03-20T07:42:00.973Z"}
{"level":"info","message":"db connection successfull","timestamp":"2023-03-20T07:42:04.624Z"}
{"level":"info","message":"db connection successfull","timestamp":"2023-03-20T07:42:11.859Z"}
{"level":"info","message":"db connection successfull","timestamp":"2023-03-20T07:42:20.428Z"}
{"level":"info","message":"db connection successfull","timestamp":"2023-03-20T07:42:27.484Z"}
{"level":"info","message":"db connection successfull","timestamp":"2023-03-20T07:42:29.072Z"}
{"level":"info","message":"db connection successfull","timestamp":"2023-03-20T07:42:33.171Z"}
{"level":"info","message":"db connection successfull","timestamp":"2023-03-20T07:42:35.780Z"}
{"level":"info","message":"db connection successfull","timestamp":"2023-03-20T07:42:37.993Z"}
{"level":"info","message":"db connection successfull","timestamp":"2023-03-20T07:42:43.352Z"}
{"level":"info","message":"db connection successfull","timestamp":"2023-03-20T07:42:47.867Z"}
{"level":"info","message":"db connection successfull","timestamp":"2023-03-20T07:42:59.103Z"}
{"level":"info","message":"db connection successfull","timestamp":"2023-03-20T07:43:06.485Z"}
{"level":"info","message":"db connection successfull","timestamp":"2023-03-20T07:43:16.376Z"}
{"level":"info","message":"db connection successfull","timestamp":"2023-03-20T07:43:39.926Z"}
{"level":"info","message":"db connection successfull","timestamp":"2023-03-20T07:43:43.241Z"}
{"level":"info","message":"db connection successfull","timestamp":"2023-03-20T07:43:59.185Z"}
{"level":"info","message":"db connection successfull","timestamp":"2023-03-20T07:44:00.817Z"}
{"level":"info","message":"db connection successfull","timestamp":"2023-03-20T07:44:08.423Z"}
{"level":"info","message":"db connection successfull","timestamp":"2023-03-20T07:44:10.978Z"}
{"level":"info","message":"db connection successfull","timestamp":"2023-03-20T07:44:13.105Z"}
{"level":"info","message":"db connection successfull","timestamp":"2023-03-20T07:44:15.056Z"}
{"level":"info","message":"db connection successfull","timestamp":"2023-03-20T07:44:31.786Z"}
{"level":"info","message":"db connection successfull","timestamp":"2023-03-20T07:44:39.836Z"}
{"level":"info","message":"db connection successfull","timestamp":"2023-03-20T07:44:52.493Z"}
{"level":"info","message":"db connection successfull","timestamp":"2023-03-20T07:45:01.091Z"}
{"level":"info","message":"db connection successfull","timestamp":"2023-03-20T07:45:11.241Z"}
{"level":"info","message":"db connection successfull","timestamp":"2023-03-20T07:45:25.626Z"}
{"level":"info","message":"db connection successfull","timestamp":"2023-03-20T07:45:54.805Z"}
{"level":"info","message":"db connection successfull","timestamp":"2023-03-20T07:45:57.245Z"}
{"level":"info","message":"db connection successfull","timestamp":"2023-03-20T07:45:59.715Z"}
{"level":"info","message":"db connection successfull","timestamp":"2023-03-20T07:46:01.546Z"}
{"level":"info","message":"db connection successfull","timestamp":"2023-03-20T07:46:05.884Z"}
{"level":"info","message":"db connection successfull","timestamp":"2023-03-20T07:46:09.004Z"}
{"level":"info","message":"db connection successfull","timestamp":"2023-03-20T07:46:30.452Z"}
{"level":"info","message":"db connection successfull","timestamp":"2023-03-20T07:46:36.181Z"}
{"level":"info","message":"db connection successfull","timestamp":"2023-03-20T07:46:43.502Z"}
{"level":"info","message":"db connection successfull","timestamp":"2023-03-20T07:46:49.073Z"}
{"level":"info","message":"db connection successfull","timestamp":"2023-03-20T07:46:54.294Z"}
{"level":"info","message":"db connection successfull","timestamp":"2023-03-20T07:46:57.053Z"}
{"level":"info","message":"db connection successfull","timestamp":"2023-03-20T07:47:07.223Z"}
{"level":"info","message":"db connection successfull","timestamp":"2023-03-20T07:47:40.865Z"}
{"level":"info","message":"db connection successfull","timestamp":"2023-03-20T07:47:46.714Z"}
{"level":"info","message":"db connection successfull","timestamp":"2023-03-20T07:47:52.207Z"}
{"level":"info","message":"db connection successfull","timestamp":"2023-03-20T07:47:55.496Z"}
{"level":"info","message":"db connection successfull","timestamp":"2023-03-20T07:48:02.720Z"}
{"level":"info","message":"db connection successfull","timestamp":"2023-03-20T07:48:06.610Z"}
{"level":"info","message":"db connection successfull","timestamp":"2023-03-20T07:48:09.651Z"}
{"level":"info","message":"db connection successfull","timestamp":"2023-03-20T07:48:12.437Z"}
{"level":"info","message":"db connection successfull","timestamp":"2023-03-20T07:48:26.015Z"}
{"level":"info","message":"db connection successfull","timestamp":"2023-03-20T07:48:27.671Z"}
{"level":"info","message":"db connection successfull","timestamp":"2023-03-20T07:48:31.441Z"}
{"level":"info","message":"db connection successfull","timestamp":"2023-03-20T07:48:38.814Z"}
{"level":"info","message":"db connection successfull","timestamp":"2023-03-20T07:48:46.557Z"}
{"level":"info","message":"db connection successfull","timestamp":"2023-03-20T07:48:48.578Z"}
{"level":"info","message":"db connection successfull","timestamp":"2023-03-20T07:49:02.122Z"}
{"level":"info","message":"db connection successfull","timestamp":"2023-03-20T07:49:09.186Z"}
{"level":"info","message":"db connection successfull","timestamp":"2023-03-20T07:49:12.349Z"}
{"level":"info","message":"db connection successfull","timestamp":"2023-03-20T07:49:15.594Z"}
{"level":"info","message":"db connection successfull","timestamp":"2023-03-20T07:49:18.721Z"}
{"level":"info","message":"db connection successfull","timestamp":"2023-03-20T07:49:21.401Z"}
{"level":"info","message":"db connection successfull","timestamp":"2023-03-20T07:49:24.315Z"}
{"level":"info","message":"db connection successfull","timestamp":"2023-03-20T07:49:29.789Z"}
{"level":"info","message":"db connection successfull","timestamp":"2023-03-20T07:49:46.759Z"}
{"level":"info","message":"db connection successfull","timestamp":"2023-03-20T07:56:38.342Z"}
